{"/Users/Ling/Documents/graduate_study/Foundations of Software Engineering/iteration3_test/s17-ESN-SV7/models/PostAnnouncementDBoper.js":{"path":"/Users/Ling/Documents/graduate_study/Foundations of Software Engineering/iteration3_test/s17-ESN-SV7/models/PostAnnouncementDBoper.js","s":{"1":1,"2":1,"3":1,"4":1,"5":0,"6":0,"7":1,"8":1,"9":1,"10":1,"11":1,"12":1,"13":1,"14":0,"15":0,"16":1,"17":1,"18":1,"19":0,"20":0,"21":1,"22":1,"23":129,"24":129,"25":129,"26":129,"27":129,"28":1,"29":1,"30":1,"31":1},"b":{"1":[0,1],"2":[0,1],"3":[0,1]},"f":{"1":1,"2":1,"3":1,"4":1,"5":1,"6":129},"fnMap":{"1":{"name":"(anonymous_1)","line":13,"loc":{"start":{"line":13,"column":23},"end":{"line":13,"column":73}}},"2":{"name":"(anonymous_2)","line":15,"loc":{"start":{"line":15,"column":33},"end":{"line":15,"column":52}}},"3":{"name":"(anonymous_3)","line":28,"loc":{"start":{"line":28,"column":21},"end":{"line":28,"column":37}}},"4":{"name":"(anonymous_4)","line":29,"loc":{"start":{"line":29,"column":33},"end":{"line":29,"column":51}}},"5":{"name":"(anonymous_5)","line":36,"loc":{"start":{"line":36,"column":40},"end":{"line":36,"column":62}}},"6":{"name":"(anonymous_6)","line":43,"loc":{"start":{"line":43,"column":36},"end":{"line":43,"column":52}}}},"statementMap":{"1":{"start":{"line":6,"column":0},"end":{"line":6,"column":49}},"2":{"start":{"line":10,"column":0},"end":{"line":10,"column":34}},"3":{"start":{"line":15,"column":8},"end":{"line":25,"column":11}},"4":{"start":{"line":16,"column":12},"end":{"line":19,"column":13}},"5":{"start":{"line":17,"column":16},"end":{"line":17,"column":43}},"6":{"start":{"line":18,"column":16},"end":{"line":18,"column":42}},"7":{"start":{"line":20,"column":12},"end":{"line":20,"column":59}},"8":{"start":{"line":22,"column":12},"end":{"line":22,"column":98}},"9":{"start":{"line":23,"column":12},"end":{"line":23,"column":46}},"10":{"start":{"line":24,"column":12},"end":{"line":24,"column":23}},"11":{"start":{"line":29,"column":8},"end":{"line":54,"column":11}},"12":{"start":{"line":30,"column":12},"end":{"line":30,"column":62}},"13":{"start":{"line":31,"column":12},"end":{"line":34,"column":13}},"14":{"start":{"line":32,"column":16},"end":{"line":32,"column":45}},"15":{"start":{"line":33,"column":16},"end":{"line":33,"column":42}},"16":{"start":{"line":35,"column":12},"end":{"line":35,"column":59}},"17":{"start":{"line":36,"column":12},"end":{"line":53,"column":15}},"18":{"start":{"line":37,"column":16},"end":{"line":51,"column":17}},"19":{"start":{"line":39,"column":20},"end":{"line":39,"column":48}},"20":{"start":{"line":40,"column":20},"end":{"line":40,"column":52}},"21":{"start":{"line":42,"column":20},"end":{"line":42,"column":35}},"22":{"start":{"line":43,"column":20},"end":{"line":49,"column":23}},"23":{"start":{"line":44,"column":24},"end":{"line":44,"column":38}},"24":{"start":{"line":45,"column":24},"end":{"line":45,"column":59}},"25":{"start":{"line":46,"column":24},"end":{"line":46,"column":67}},"26":{"start":{"line":47,"column":24},"end":{"line":47,"column":60}},"27":{"start":{"line":48,"column":24},"end":{"line":48,"column":41}},"28":{"start":{"line":50,"column":20},"end":{"line":50,"column":40}},"29":{"start":{"line":52,"column":16},"end":{"line":52,"column":27}},"30":{"start":{"line":58,"column":0},"end":{"line":58,"column":46}},"31":{"start":{"line":60,"column":0},"end":{"line":63,"column":2}}},"branchMap":{"1":{"line":16,"type":"if","locations":[{"start":{"line":16,"column":12},"end":{"line":16,"column":12}},{"start":{"line":16,"column":12},"end":{"line":16,"column":12}}]},"2":{"line":31,"type":"if","locations":[{"start":{"line":31,"column":12},"end":{"line":31,"column":12}},{"start":{"line":31,"column":12},"end":{"line":31,"column":12}}]},"3":{"line":37,"type":"if","locations":[{"start":{"line":37,"column":16},"end":{"line":37,"column":16}},{"start":{"line":37,"column":16},"end":{"line":37,"column":16}}]}}},"/Users/Ling/Documents/graduate_study/Foundations of Software Engineering/iteration3_test/s17-ESN-SV7/models/PrivateChatDBOper.js":{"path":"/Users/Ling/Documents/graduate_study/Foundations of Software Engineering/iteration3_test/s17-ESN-SV7/models/PrivateChatDBOper.js","s":{"1":1,"2":1,"3":1,"4":1,"5":1,"6":1,"7":4,"8":4,"9":4,"10":0,"11":0,"12":0,"13":0,"14":0,"15":0,"16":0,"17":0,"18":0,"19":0,"20":0,"21":5,"22":5,"23":0,"24":0,"25":5,"26":5,"27":5,"28":5,"29":5,"30":5,"31":5,"32":5,"33":0,"34":0,"35":5,"36":5,"37":1,"38":1,"39":1,"40":1,"41":0,"42":1,"43":1,"44":1,"45":0,"46":0,"47":1,"48":1,"49":0,"50":1,"51":1,"52":0,"53":0,"54":0,"55":0,"56":0,"57":0,"58":0,"59":0,"60":0,"61":0,"62":0,"63":0,"64":0,"65":0,"66":0,"67":0,"68":0,"69":0,"70":0,"71":0,"72":0,"73":0,"74":0,"75":0,"76":0,"77":0,"78":0,"79":0,"80":0,"81":0,"82":0,"83":0,"84":2,"85":2,"86":2,"87":0,"88":2,"89":2,"90":2,"91":0,"92":2,"93":2,"94":0,"95":2,"96":2,"97":2,"98":2,"99":2,"100":0,"101":2,"102":2,"103":2,"104":2,"105":2,"106":2,"107":2,"108":2,"109":2,"110":2,"111":0,"112":2,"113":2,"114":2,"115":0,"116":2,"117":2,"118":0,"119":2,"120":2,"121":2,"122":2,"123":2,"124":0,"125":2,"126":2,"127":2,"128":2,"129":2,"130":2,"131":2,"132":0,"133":0,"134":0,"135":0,"136":0,"137":0,"138":0,"139":0,"140":0,"141":0,"142":0,"143":0,"144":0,"145":0,"146":0,"147":0,"148":0,"149":0,"150":0,"151":0,"152":0,"153":0,"154":0,"155":0,"156":1,"157":1,"158":0,"159":1,"160":1,"161":1,"162":0,"163":1,"164":1,"165":1},"b":{"1":[0,0],"2":[0,0],"3":[0,5],"4":[0,5],"5":[0,1],"6":[0,1],"7":[0,1],"8":[0,0],"9":[0,0],"10":[0,0],"11":[0,0],"12":[0,0],"13":[0,0],"14":[0,2],"15":[0,2],"16":[0,2],"17":[0,2],"18":[2,0],"19":[0,2],"20":[0,2],"21":[0,2],"22":[0,2],"23":[2,0],"24":[0,0],"25":[0,0],"26":[0,0],"27":[0,0],"28":[0,0],"29":[0,1],"30":[0,1]},"f":{"1":4,"2":0,"3":0,"4":0,"5":5,"6":5,"7":5,"8":1,"9":1,"10":1,"11":1,"12":0,"13":0,"14":0,"15":0,"16":0,"17":0,"18":0,"19":0,"20":0,"21":2,"22":2,"23":2,"24":2,"25":2,"26":2,"27":2,"28":2,"29":2,"30":2,"31":0,"32":0,"33":0,"34":0,"35":0,"36":1,"37":1,"38":1},"fnMap":{"1":{"name":"(anonymous_1)","line":20,"loc":{"start":{"line":20,"column":15},"end":{"line":20,"column":39}}},"2":{"name":"(anonymous_2)","line":26,"loc":{"start":{"line":26,"column":26},"end":{"line":26,"column":46}}},"3":{"name":"(anonymous_3)","line":27,"loc":{"start":{"line":27,"column":38},"end":{"line":27,"column":57}}},"4":{"name":"(anonymous_4)","line":35,"loc":{"start":{"line":35,"column":44},"end":{"line":35,"column":67}}},"5":{"name":"(anonymous_5)","line":49,"loc":{"start":{"line":49,"column":17},"end":{"line":49,"column":37}}},"6":{"name":"(anonymous_6)","line":50,"loc":{"start":{"line":50,"column":38},"end":{"line":50,"column":57}}},"7":{"name":"(anonymous_7)","line":62,"loc":{"start":{"line":62,"column":38},"end":{"line":62,"column":61}}},"8":{"name":"(anonymous_8)","line":80,"loc":{"start":{"line":80,"column":18},"end":{"line":80,"column":29}}},"9":{"name":"(anonymous_9)","line":83,"loc":{"start":{"line":83,"column":38},"end":{"line":83,"column":57}}},"10":{"name":"(anonymous_10)","line":90,"loc":{"start":{"line":90,"column":41},"end":{"line":90,"column":64}}},"11":{"name":"(anonymous_11)","line":97,"loc":{"start":{"line":97,"column":54},"end":{"line":97,"column":78}}},"12":{"name":"(anonymous_12)","line":112,"loc":{"start":{"line":112,"column":20},"end":{"line":112,"column":30}}},"13":{"name":"(anonymous_13)","line":115,"loc":{"start":{"line":115,"column":38},"end":{"line":115,"column":57}}},"14":{"name":"(anonymous_14)","line":121,"loc":{"start":{"line":121,"column":41},"end":{"line":121,"column":64}}},"15":{"name":"(anonymous_15)","line":138,"loc":{"start":{"line":138,"column":25},"end":{"line":138,"column":36}}},"16":{"name":"(anonymous_16)","line":140,"loc":{"start":{"line":140,"column":38},"end":{"line":140,"column":57}}},"17":{"name":"(anonymous_17)","line":146,"loc":{"start":{"line":146,"column":46},"end":{"line":146,"column":68}}},"18":{"name":"(anonymous_18)","line":158,"loc":{"start":{"line":158,"column":32},"end":{"line":158,"column":43}}},"19":{"name":"(anonymous_19)","line":160,"loc":{"start":{"line":160,"column":38},"end":{"line":160,"column":57}}},"20":{"name":"(anonymous_20)","line":166,"loc":{"start":{"line":166,"column":53},"end":{"line":166,"column":75}}},"21":{"name":"(anonymous_21)","line":178,"loc":{"start":{"line":178,"column":32},"end":{"line":178,"column":43}}},"22":{"name":"(anonymous_22)","line":180,"loc":{"start":{"line":180,"column":38},"end":{"line":180,"column":57}}},"23":{"name":"(anonymous_23)","line":186,"loc":{"start":{"line":186,"column":47},"end":{"line":186,"column":74}}},"24":{"name":"(anonymous_24)","line":192,"loc":{"start":{"line":192,"column":29},"end":{"line":192,"column":42}}},"25":{"name":"(anonymous_25)","line":194,"loc":{"start":{"line":194,"column":84},"end":{"line":194,"column":106}}},"26":{"name":"(anonymous_26)","line":218,"loc":{"start":{"line":218,"column":36},"end":{"line":218,"column":47}}},"27":{"name":"(anonymous_27)","line":220,"loc":{"start":{"line":220,"column":38},"end":{"line":220,"column":57}}},"28":{"name":"(anonymous_28)","line":226,"loc":{"start":{"line":226,"column":48},"end":{"line":226,"column":75}}},"29":{"name":"(anonymous_29)","line":232,"loc":{"start":{"line":232,"column":29},"end":{"line":232,"column":42}}},"30":{"name":"(anonymous_30)","line":234,"loc":{"start":{"line":234,"column":84},"end":{"line":234,"column":106}}},"31":{"name":"(anonymous_31)","line":255,"loc":{"start":{"line":255,"column":33},"end":{"line":255,"column":43}}},"32":{"name":"(anonymous_32)","line":257,"loc":{"start":{"line":257,"column":38},"end":{"line":257,"column":57}}},"33":{"name":"(anonymous_33)","line":263,"loc":{"start":{"line":263,"column":47},"end":{"line":263,"column":74}}},"34":{"name":"(anonymous_34)","line":269,"loc":{"start":{"line":269,"column":29},"end":{"line":269,"column":42}}},"35":{"name":"(anonymous_35)","line":271,"loc":{"start":{"line":271,"column":85},"end":{"line":271,"column":105}}},"36":{"name":"(anonymous_36)","line":292,"loc":{"start":{"line":292,"column":18},"end":{"line":292,"column":46}}},"37":{"name":"(anonymous_37)","line":293,"loc":{"start":{"line":293,"column":38},"end":{"line":293,"column":57}}},"38":{"name":"(anonymous_38)","line":299,"loc":{"start":{"line":299,"column":65},"end":{"line":299,"column":89}}}},"statementMap":{"1":{"start":{"line":5,"column":0},"end":{"line":5,"column":49}},"2":{"start":{"line":6,"column":0},"end":{"line":6,"column":32}},"3":{"start":{"line":12,"column":0},"end":{"line":12,"column":38}},"4":{"start":{"line":14,"column":0},"end":{"line":14,"column":34}},"5":{"start":{"line":15,"column":0},"end":{"line":15,"column":28}},"6":{"start":{"line":16,"column":0},"end":{"line":16,"column":29}},"7":{"start":{"line":21,"column":8},"end":{"line":21,"column":29}},"8":{"start":{"line":22,"column":8},"end":{"line":22,"column":33}},"9":{"start":{"line":23,"column":8},"end":{"line":23,"column":23}},"10":{"start":{"line":27,"column":8},"end":{"line":46,"column":11}},"11":{"start":{"line":28,"column":12},"end":{"line":45,"column":13}},"12":{"start":{"line":29,"column":16},"end":{"line":29,"column":44}},"13":{"start":{"line":30,"column":16},"end":{"line":30,"column":56}},"14":{"start":{"line":34,"column":16},"end":{"line":34,"column":54}},"15":{"start":{"line":35,"column":16},"end":{"line":43,"column":19}},"16":{"start":{"line":36,"column":20},"end":{"line":42,"column":21}},"17":{"start":{"line":37,"column":24},"end":{"line":37,"column":52}},"18":{"start":{"line":38,"column":24},"end":{"line":38,"column":64}},"19":{"start":{"line":41,"column":24},"end":{"line":41,"column":61}},"20":{"start":{"line":44,"column":16},"end":{"line":44,"column":27}},"21":{"start":{"line":50,"column":8},"end":{"line":73,"column":11}},"22":{"start":{"line":51,"column":12},"end":{"line":72,"column":13}},"23":{"start":{"line":52,"column":16},"end":{"line":52,"column":44}},"24":{"start":{"line":53,"column":16},"end":{"line":53,"column":56}},"25":{"start":{"line":56,"column":16},"end":{"line":56,"column":44}},"26":{"start":{"line":57,"column":16},"end":{"line":57,"column":48}},"27":{"start":{"line":58,"column":16},"end":{"line":58,"column":45}},"28":{"start":{"line":59,"column":16},"end":{"line":59,"column":54}},"29":{"start":{"line":60,"column":16},"end":{"line":60,"column":45}},"30":{"start":{"line":61,"column":16},"end":{"line":61,"column":96}},"31":{"start":{"line":62,"column":16},"end":{"line":70,"column":19}},"32":{"start":{"line":63,"column":20},"end":{"line":69,"column":21}},"33":{"start":{"line":64,"column":24},"end":{"line":64,"column":52}},"34":{"start":{"line":65,"column":24},"end":{"line":65,"column":64}},"35":{"start":{"line":68,"column":24},"end":{"line":68,"column":59}},"36":{"start":{"line":71,"column":16},"end":{"line":71,"column":27}},"37":{"start":{"line":81,"column":8},"end":{"line":81,"column":33}},"38":{"start":{"line":82,"column":8},"end":{"line":82,"column":37}},"39":{"start":{"line":83,"column":8},"end":{"line":109,"column":11}},"40":{"start":{"line":84,"column":12},"end":{"line":108,"column":13}},"41":{"start":{"line":85,"column":16},"end":{"line":85,"column":56}},"42":{"start":{"line":89,"column":16},"end":{"line":89,"column":76}},"43":{"start":{"line":90,"column":16},"end":{"line":107,"column":19}},"44":{"start":{"line":91,"column":20},"end":{"line":106,"column":21}},"45":{"start":{"line":92,"column":24},"end":{"line":92,"column":52}},"46":{"start":{"line":93,"column":24},"end":{"line":93,"column":64}},"47":{"start":{"line":97,"column":24},"end":{"line":104,"column":27}},"48":{"start":{"line":98,"column":28},"end":{"line":102,"column":29}},"49":{"start":{"line":98,"column":37},"end":{"line":98,"column":77}},"50":{"start":{"line":100,"column":32},"end":{"line":100,"column":70}},"51":{"start":{"line":103,"column":28},"end":{"line":103,"column":39}},"52":{"start":{"line":113,"column":8},"end":{"line":113,"column":33}},"53":{"start":{"line":114,"column":8},"end":{"line":114,"column":37}},"54":{"start":{"line":115,"column":8},"end":{"line":132,"column":11}},"55":{"start":{"line":116,"column":12},"end":{"line":131,"column":13}},"56":{"start":{"line":117,"column":16},"end":{"line":117,"column":56}},"57":{"start":{"line":120,"column":16},"end":{"line":120,"column":76}},"58":{"start":{"line":121,"column":16},"end":{"line":130,"column":19}},"59":{"start":{"line":122,"column":20},"end":{"line":129,"column":21}},"60":{"start":{"line":123,"column":24},"end":{"line":123,"column":52}},"61":{"start":{"line":124,"column":24},"end":{"line":124,"column":64}},"62":{"start":{"line":127,"column":24},"end":{"line":127,"column":61}},"63":{"start":{"line":128,"column":24},"end":{"line":128,"column":35}},"64":{"start":{"line":139,"column":8},"end":{"line":139,"column":37}},"65":{"start":{"line":140,"column":8},"end":{"line":152,"column":11}},"66":{"start":{"line":141,"column":12},"end":{"line":151,"column":13}},"67":{"start":{"line":142,"column":16},"end":{"line":142,"column":56}},"68":{"start":{"line":145,"column":16},"end":{"line":145,"column":72}},"69":{"start":{"line":146,"column":16},"end":{"line":149,"column":19}},"70":{"start":{"line":147,"column":20},"end":{"line":148,"column":61}},"71":{"start":{"line":147,"column":29},"end":{"line":147,"column":69}},"72":{"start":{"line":148,"column":25},"end":{"line":148,"column":61}},"73":{"start":{"line":150,"column":16},"end":{"line":150,"column":27}},"74":{"start":{"line":159,"column":8},"end":{"line":159,"column":37}},"75":{"start":{"line":160,"column":8},"end":{"line":172,"column":11}},"76":{"start":{"line":161,"column":12},"end":{"line":171,"column":13}},"77":{"start":{"line":162,"column":16},"end":{"line":162,"column":56}},"78":{"start":{"line":165,"column":16},"end":{"line":165,"column":72}},"79":{"start":{"line":166,"column":16},"end":{"line":169,"column":19}},"80":{"start":{"line":167,"column":20},"end":{"line":168,"column":61}},"81":{"start":{"line":167,"column":29},"end":{"line":167,"column":69}},"82":{"start":{"line":168,"column":25},"end":{"line":168,"column":61}},"83":{"start":{"line":170,"column":16},"end":{"line":170,"column":27}},"84":{"start":{"line":179,"column":8},"end":{"line":179,"column":37}},"85":{"start":{"line":180,"column":8},"end":{"line":212,"column":11}},"86":{"start":{"line":181,"column":12},"end":{"line":211,"column":13}},"87":{"start":{"line":182,"column":16},"end":{"line":182,"column":56}},"88":{"start":{"line":185,"column":16},"end":{"line":185,"column":72}},"89":{"start":{"line":186,"column":16},"end":{"line":210,"column":19}},"90":{"start":{"line":187,"column":20},"end":{"line":208,"column":21}},"91":{"start":{"line":187,"column":29},"end":{"line":187,"column":69}},"92":{"start":{"line":189,"column":24},"end":{"line":189,"column":41}},"93":{"start":{"line":190,"column":24},"end":{"line":190,"column":88}},"94":{"start":{"line":190,"column":50},"end":{"line":190,"column":88}},"95":{"start":{"line":191,"column":24},"end":{"line":207,"column":25}},"96":{"start":{"line":192,"column":28},"end":{"line":206,"column":34}},"97":{"start":{"line":193,"column":32},"end":{"line":193,"column":59}},"98":{"start":{"line":194,"column":32},"end":{"line":205,"column":35}},"99":{"start":{"line":195,"column":36},"end":{"line":204,"column":37}},"100":{"start":{"line":195,"column":45},"end":{"line":195,"column":85}},"101":{"start":{"line":197,"column":40},"end":{"line":197,"column":56}},"102":{"start":{"line":198,"column":40},"end":{"line":198,"column":66}},"103":{"start":{"line":199,"column":40},"end":{"line":199,"column":64}},"104":{"start":{"line":200,"column":40},"end":{"line":200,"column":61}},"105":{"start":{"line":201,"column":40},"end":{"line":203,"column":41}},"106":{"start":{"line":202,"column":44},"end":{"line":202,"column":82}},"107":{"start":{"line":209,"column":20},"end":{"line":209,"column":31}},"108":{"start":{"line":219,"column":8},"end":{"line":219,"column":37}},"109":{"start":{"line":220,"column":8},"end":{"line":252,"column":11}},"110":{"start":{"line":221,"column":12},"end":{"line":251,"column":13}},"111":{"start":{"line":222,"column":16},"end":{"line":222,"column":56}},"112":{"start":{"line":225,"column":16},"end":{"line":225,"column":72}},"113":{"start":{"line":226,"column":16},"end":{"line":250,"column":19}},"114":{"start":{"line":227,"column":20},"end":{"line":248,"column":21}},"115":{"start":{"line":227,"column":29},"end":{"line":227,"column":69}},"116":{"start":{"line":229,"column":24},"end":{"line":229,"column":41}},"117":{"start":{"line":230,"column":24},"end":{"line":230,"column":88}},"118":{"start":{"line":230,"column":50},"end":{"line":230,"column":88}},"119":{"start":{"line":231,"column":24},"end":{"line":247,"column":25}},"120":{"start":{"line":232,"column":28},"end":{"line":246,"column":34}},"121":{"start":{"line":233,"column":32},"end":{"line":233,"column":59}},"122":{"start":{"line":234,"column":32},"end":{"line":245,"column":35}},"123":{"start":{"line":235,"column":36},"end":{"line":244,"column":37}},"124":{"start":{"line":235,"column":45},"end":{"line":235,"column":85}},"125":{"start":{"line":237,"column":40},"end":{"line":237,"column":56}},"126":{"start":{"line":238,"column":40},"end":{"line":238,"column":66}},"127":{"start":{"line":239,"column":40},"end":{"line":239,"column":64}},"128":{"start":{"line":240,"column":40},"end":{"line":240,"column":61}},"129":{"start":{"line":241,"column":40},"end":{"line":243,"column":41}},"130":{"start":{"line":242,"column":44},"end":{"line":242,"column":82}},"131":{"start":{"line":249,"column":20},"end":{"line":249,"column":31}},"132":{"start":{"line":256,"column":8},"end":{"line":256,"column":37}},"133":{"start":{"line":257,"column":8},"end":{"line":289,"column":11}},"134":{"start":{"line":258,"column":12},"end":{"line":288,"column":13}},"135":{"start":{"line":259,"column":16},"end":{"line":259,"column":56}},"136":{"start":{"line":262,"column":16},"end":{"line":262,"column":72}},"137":{"start":{"line":263,"column":16},"end":{"line":287,"column":19}},"138":{"start":{"line":264,"column":20},"end":{"line":285,"column":21}},"139":{"start":{"line":264,"column":29},"end":{"line":264,"column":69}},"140":{"start":{"line":266,"column":24},"end":{"line":266,"column":41}},"141":{"start":{"line":267,"column":24},"end":{"line":267,"column":88}},"142":{"start":{"line":267,"column":50},"end":{"line":267,"column":88}},"143":{"start":{"line":268,"column":24},"end":{"line":284,"column":25}},"144":{"start":{"line":269,"column":28},"end":{"line":283,"column":34}},"145":{"start":{"line":270,"column":32},"end":{"line":270,"column":59}},"146":{"start":{"line":271,"column":32},"end":{"line":282,"column":35}},"147":{"start":{"line":272,"column":36},"end":{"line":281,"column":37}},"148":{"start":{"line":272,"column":45},"end":{"line":272,"column":85}},"149":{"start":{"line":274,"column":40},"end":{"line":274,"column":56}},"150":{"start":{"line":275,"column":40},"end":{"line":275,"column":66}},"151":{"start":{"line":276,"column":40},"end":{"line":276,"column":60}},"152":{"start":{"line":277,"column":40},"end":{"line":277,"column":61}},"153":{"start":{"line":278,"column":40},"end":{"line":280,"column":41}},"154":{"start":{"line":279,"column":44},"end":{"line":279,"column":82}},"155":{"start":{"line":286,"column":20},"end":{"line":286,"column":31}},"156":{"start":{"line":293,"column":8},"end":{"line":309,"column":11}},"157":{"start":{"line":294,"column":12},"end":{"line":308,"column":13}},"158":{"start":{"line":295,"column":16},"end":{"line":295,"column":56}},"159":{"start":{"line":298,"column":16},"end":{"line":298,"column":66}},"160":{"start":{"line":299,"column":16},"end":{"line":307,"column":19}},"161":{"start":{"line":300,"column":20},"end":{"line":305,"column":21}},"162":{"start":{"line":301,"column":24},"end":{"line":301,"column":64}},"163":{"start":{"line":304,"column":24},"end":{"line":304,"column":62}},"164":{"start":{"line":306,"column":20},"end":{"line":306,"column":31}},"165":{"start":{"line":312,"column":0},"end":{"line":312,"column":35}}},"branchMap":{"1":{"line":28,"type":"if","locations":[{"start":{"line":28,"column":12},"end":{"line":28,"column":12}},{"start":{"line":28,"column":12},"end":{"line":28,"column":12}}]},"2":{"line":36,"type":"if","locations":[{"start":{"line":36,"column":20},"end":{"line":36,"column":20}},{"start":{"line":36,"column":20},"end":{"line":36,"column":20}}]},"3":{"line":51,"type":"if","locations":[{"start":{"line":51,"column":12},"end":{"line":51,"column":12}},{"start":{"line":51,"column":12},"end":{"line":51,"column":12}}]},"4":{"line":63,"type":"if","locations":[{"start":{"line":63,"column":20},"end":{"line":63,"column":20}},{"start":{"line":63,"column":20},"end":{"line":63,"column":20}}]},"5":{"line":84,"type":"if","locations":[{"start":{"line":84,"column":12},"end":{"line":84,"column":12}},{"start":{"line":84,"column":12},"end":{"line":84,"column":12}}]},"6":{"line":91,"type":"if","locations":[{"start":{"line":91,"column":20},"end":{"line":91,"column":20}},{"start":{"line":91,"column":20},"end":{"line":91,"column":20}}]},"7":{"line":98,"type":"if","locations":[{"start":{"line":98,"column":28},"end":{"line":98,"column":28}},{"start":{"line":98,"column":28},"end":{"line":98,"column":28}}]},"8":{"line":116,"type":"if","locations":[{"start":{"line":116,"column":12},"end":{"line":116,"column":12}},{"start":{"line":116,"column":12},"end":{"line":116,"column":12}}]},"9":{"line":122,"type":"if","locations":[{"start":{"line":122,"column":20},"end":{"line":122,"column":20}},{"start":{"line":122,"column":20},"end":{"line":122,"column":20}}]},"10":{"line":141,"type":"if","locations":[{"start":{"line":141,"column":12},"end":{"line":141,"column":12}},{"start":{"line":141,"column":12},"end":{"line":141,"column":12}}]},"11":{"line":147,"type":"if","locations":[{"start":{"line":147,"column":20},"end":{"line":147,"column":20}},{"start":{"line":147,"column":20},"end":{"line":147,"column":20}}]},"12":{"line":161,"type":"if","locations":[{"start":{"line":161,"column":12},"end":{"line":161,"column":12}},{"start":{"line":161,"column":12},"end":{"line":161,"column":12}}]},"13":{"line":167,"type":"if","locations":[{"start":{"line":167,"column":20},"end":{"line":167,"column":20}},{"start":{"line":167,"column":20},"end":{"line":167,"column":20}}]},"14":{"line":181,"type":"if","locations":[{"start":{"line":181,"column":12},"end":{"line":181,"column":12}},{"start":{"line":181,"column":12},"end":{"line":181,"column":12}}]},"15":{"line":187,"type":"if","locations":[{"start":{"line":187,"column":20},"end":{"line":187,"column":20}},{"start":{"line":187,"column":20},"end":{"line":187,"column":20}}]},"16":{"line":190,"type":"if","locations":[{"start":{"line":190,"column":24},"end":{"line":190,"column":24}},{"start":{"line":190,"column":24},"end":{"line":190,"column":24}}]},"17":{"line":195,"type":"if","locations":[{"start":{"line":195,"column":36},"end":{"line":195,"column":36}},{"start":{"line":195,"column":36},"end":{"line":195,"column":36}}]},"18":{"line":201,"type":"if","locations":[{"start":{"line":201,"column":40},"end":{"line":201,"column":40}},{"start":{"line":201,"column":40},"end":{"line":201,"column":40}}]},"19":{"line":221,"type":"if","locations":[{"start":{"line":221,"column":12},"end":{"line":221,"column":12}},{"start":{"line":221,"column":12},"end":{"line":221,"column":12}}]},"20":{"line":227,"type":"if","locations":[{"start":{"line":227,"column":20},"end":{"line":227,"column":20}},{"start":{"line":227,"column":20},"end":{"line":227,"column":20}}]},"21":{"line":230,"type":"if","locations":[{"start":{"line":230,"column":24},"end":{"line":230,"column":24}},{"start":{"line":230,"column":24},"end":{"line":230,"column":24}}]},"22":{"line":235,"type":"if","locations":[{"start":{"line":235,"column":36},"end":{"line":235,"column":36}},{"start":{"line":235,"column":36},"end":{"line":235,"column":36}}]},"23":{"line":241,"type":"if","locations":[{"start":{"line":241,"column":40},"end":{"line":241,"column":40}},{"start":{"line":241,"column":40},"end":{"line":241,"column":40}}]},"24":{"line":258,"type":"if","locations":[{"start":{"line":258,"column":12},"end":{"line":258,"column":12}},{"start":{"line":258,"column":12},"end":{"line":258,"column":12}}]},"25":{"line":264,"type":"if","locations":[{"start":{"line":264,"column":20},"end":{"line":264,"column":20}},{"start":{"line":264,"column":20},"end":{"line":264,"column":20}}]},"26":{"line":267,"type":"if","locations":[{"start":{"line":267,"column":24},"end":{"line":267,"column":24}},{"start":{"line":267,"column":24},"end":{"line":267,"column":24}}]},"27":{"line":272,"type":"if","locations":[{"start":{"line":272,"column":36},"end":{"line":272,"column":36}},{"start":{"line":272,"column":36},"end":{"line":272,"column":36}}]},"28":{"line":278,"type":"if","locations":[{"start":{"line":278,"column":40},"end":{"line":278,"column":40}},{"start":{"line":278,"column":40},"end":{"line":278,"column":40}}]},"29":{"line":294,"type":"if","locations":[{"start":{"line":294,"column":12},"end":{"line":294,"column":12}},{"start":{"line":294,"column":12},"end":{"line":294,"column":12}}]},"30":{"line":300,"type":"if","locations":[{"start":{"line":300,"column":20},"end":{"line":300,"column":20}},{"start":{"line":300,"column":20},"end":{"line":300,"column":20}}]}}},"/Users/Ling/Documents/graduate_study/Foundations of Software Engineering/iteration3_test/s17-ESN-SV7/models/User.js":{"path":"/Users/Ling/Documents/graduate_study/Foundations of Software Engineering/iteration3_test/s17-ESN-SV7/models/User.js","s":{"1":1,"2":1,"3":1,"4":1,"5":1,"6":1,"7":1,"8":1,"9":0,"10":0,"11":1,"12":0,"13":0,"14":0,"15":0,"16":0,"17":0,"18":0,"19":0,"20":0,"21":0,"22":0,"23":0,"24":0,"25":0,"26":0,"27":0,"28":0,"29":0,"30":0,"31":0,"32":0,"33":0,"34":0,"35":0,"36":0,"37":0,"38":0,"39":0,"40":0,"41":0,"42":0,"43":0,"44":0,"45":0,"46":0,"47":0,"48":0,"49":0,"50":0,"51":0,"52":0,"53":0,"54":0,"55":0,"56":0,"57":0,"58":0,"59":0,"60":0,"61":0,"62":0,"63":0,"64":0,"65":0,"66":0,"67":0,"68":0,"69":0,"70":0,"71":1},"b":{"1":[0,1],"2":[0,0],"3":[0,0],"4":[0,0],"5":[0,0],"6":[0,0],"7":[0,0],"8":[0,0],"9":[0,0],"10":[0,0],"11":[0,0]},"f":{"1":1,"2":1,"3":1,"4":0,"5":0,"6":0,"7":0,"8":0,"9":0,"10":0,"11":0,"12":0,"13":0,"14":0,"15":0,"16":0,"17":0,"18":0,"19":0,"20":0,"21":0,"22":0},"fnMap":{"1":{"name":"(anonymous_1)","line":8,"loc":{"start":{"line":8,"column":15},"end":{"line":8,"column":61}}},"2":{"name":"(anonymous_2)","line":17,"loc":{"start":{"line":17,"column":14},"end":{"line":17,"column":29}}},"3":{"name":"(anonymous_3)","line":24,"loc":{"start":{"line":24,"column":11},"end":{"line":24,"column":34}}},"4":{"name":"(anonymous_4)","line":35,"loc":{"start":{"line":35,"column":22},"end":{"line":35,"column":37}}},"5":{"name":"(anonymous_5)","line":39,"loc":{"start":{"line":39,"column":89},"end":{"line":39,"column":112}}},"6":{"name":"(anonymous_6)","line":56,"loc":{"start":{"line":56,"column":15},"end":{"line":56,"column":30}}},"7":{"name":"(anonymous_7)","line":58,"loc":{"start":{"line":58,"column":67},"end":{"line":58,"column":90}}},"8":{"name":"(anonymous_8)","line":71,"loc":{"start":{"line":71,"column":14},"end":{"line":71,"column":29}}},"9":{"name":"(anonymous_9)","line":73,"loc":{"start":{"line":73,"column":61},"end":{"line":73,"column":84}}},"10":{"name":"(anonymous_10)","line":86,"loc":{"start":{"line":86,"column":16},"end":{"line":86,"column":49}}},"11":{"name":"(anonymous_11)","line":88,"loc":{"start":{"line":88,"column":88},"end":{"line":88,"column":111}}},"12":{"name":"(anonymous_12)","line":101,"loc":{"start":{"line":101,"column":22},"end":{"line":101,"column":45}}},"13":{"name":"(anonymous_13)","line":104,"loc":{"start":{"line":104,"column":71},"end":{"line":104,"column":94}}},"14":{"name":"(anonymous_14)","line":117,"loc":{"start":{"line":117,"column":16},"end":{"line":117,"column":31}}},"15":{"name":"(anonymous_15)","line":120,"loc":{"start":{"line":120,"column":55},"end":{"line":120,"column":78}}},"16":{"name":"(anonymous_16)","line":133,"loc":{"start":{"line":133,"column":13},"end":{"line":133,"column":38}}},"17":{"name":"(anonymous_17)","line":135,"loc":{"start":{"line":135,"column":62},"end":{"line":135,"column":84}}},"18":{"name":"(anonymous_18)","line":148,"loc":{"start":{"line":148,"column":17},"end":{"line":148,"column":52}}},"19":{"name":"(anonymous_19)","line":150,"loc":{"start":{"line":150,"column":85},"end":{"line":150,"column":107}}},"20":{"name":"(anonymous_20)","line":161,"loc":{"start":{"line":161,"column":36},"end":{"line":161,"column":50}}},"21":{"name":"(anonymous_21)","line":163,"loc":{"start":{"line":163,"column":74},"end":{"line":163,"column":97}}},"22":{"name":"(anonymous_22)","line":171,"loc":{"start":{"line":171,"column":32},"end":{"line":171,"column":50}}}},"statementMap":{"1":{"start":{"line":9,"column":8},"end":{"line":9,"column":33}},"2":{"start":{"line":10,"column":8},"end":{"line":10,"column":33}},"3":{"start":{"line":11,"column":8},"end":{"line":11,"column":31}},"4":{"start":{"line":12,"column":8},"end":{"line":12,"column":47}},"5":{"start":{"line":13,"column":8},"end":{"line":13,"column":42}},"6":{"start":{"line":18,"column":8},"end":{"line":18,"column":49}},"7":{"start":{"line":19,"column":8},"end":{"line":31,"column":11}},"8":{"start":{"line":25,"column":12},"end":{"line":30,"column":41}},"9":{"start":{"line":27,"column":16},"end":{"line":27,"column":62}},"10":{"start":{"line":28,"column":16},"end":{"line":28,"column":36}},"11":{"start":{"line":30,"column":17},"end":{"line":30,"column":41}},"12":{"start":{"line":36,"column":8},"end":{"line":36,"column":49}},"13":{"start":{"line":39,"column":8},"end":{"line":52,"column":11}},"14":{"start":{"line":40,"column":12},"end":{"line":51,"column":13}},"15":{"start":{"line":42,"column":16},"end":{"line":42,"column":64}},"16":{"start":{"line":43,"column":16},"end":{"line":43,"column":36}},"17":{"start":{"line":46,"column":16},"end":{"line":49,"column":17}},"18":{"start":{"line":48,"column":20},"end":{"line":48,"column":56}},"19":{"start":{"line":50,"column":16},"end":{"line":50,"column":64}},"20":{"start":{"line":57,"column":8},"end":{"line":57,"column":49}},"21":{"start":{"line":58,"column":8},"end":{"line":67,"column":11}},"22":{"start":{"line":59,"column":12},"end":{"line":66,"column":13}},"23":{"start":{"line":61,"column":16},"end":{"line":61,"column":65}},"24":{"start":{"line":62,"column":16},"end":{"line":62,"column":36}},"25":{"start":{"line":65,"column":16},"end":{"line":65,"column":40}},"26":{"start":{"line":72,"column":8},"end":{"line":72,"column":49}},"27":{"start":{"line":73,"column":8},"end":{"line":82,"column":11}},"28":{"start":{"line":74,"column":12},"end":{"line":81,"column":13}},"29":{"start":{"line":76,"column":16},"end":{"line":76,"column":62}},"30":{"start":{"line":77,"column":16},"end":{"line":77,"column":36}},"31":{"start":{"line":80,"column":16},"end":{"line":80,"column":40}},"32":{"start":{"line":87,"column":8},"end":{"line":87,"column":49}},"33":{"start":{"line":88,"column":8},"end":{"line":97,"column":11}},"34":{"start":{"line":89,"column":12},"end":{"line":96,"column":13}},"35":{"start":{"line":91,"column":16},"end":{"line":91,"column":64}},"36":{"start":{"line":92,"column":16},"end":{"line":92,"column":36}},"37":{"start":{"line":95,"column":16},"end":{"line":95,"column":40}},"38":{"start":{"line":102,"column":8},"end":{"line":102,"column":49}},"39":{"start":{"line":104,"column":8},"end":{"line":113,"column":11}},"40":{"start":{"line":105,"column":12},"end":{"line":112,"column":13}},"41":{"start":{"line":107,"column":16},"end":{"line":107,"column":64}},"42":{"start":{"line":108,"column":16},"end":{"line":108,"column":36}},"43":{"start":{"line":111,"column":16},"end":{"line":111,"column":40}},"44":{"start":{"line":118,"column":8},"end":{"line":118,"column":49}},"45":{"start":{"line":120,"column":8},"end":{"line":129,"column":11}},"46":{"start":{"line":121,"column":12},"end":{"line":128,"column":13}},"47":{"start":{"line":123,"column":16},"end":{"line":123,"column":64}},"48":{"start":{"line":124,"column":16},"end":{"line":124,"column":36}},"49":{"start":{"line":127,"column":16},"end":{"line":127,"column":40}},"50":{"start":{"line":134,"column":8},"end":{"line":134,"column":49}},"51":{"start":{"line":135,"column":8},"end":{"line":144,"column":11}},"52":{"start":{"line":136,"column":12},"end":{"line":143,"column":13}},"53":{"start":{"line":138,"column":16},"end":{"line":138,"column":61}},"54":{"start":{"line":139,"column":16},"end":{"line":139,"column":36}},"55":{"start":{"line":142,"column":16},"end":{"line":142,"column":39}},"56":{"start":{"line":149,"column":8},"end":{"line":149,"column":49}},"57":{"start":{"line":150,"column":8},"end":{"line":159,"column":11}},"58":{"start":{"line":151,"column":12},"end":{"line":158,"column":13}},"59":{"start":{"line":153,"column":16},"end":{"line":153,"column":65}},"60":{"start":{"line":154,"column":16},"end":{"line":154,"column":36}},"61":{"start":{"line":157,"column":16},"end":{"line":157,"column":39}},"62":{"start":{"line":162,"column":8},"end":{"line":162,"column":49}},"63":{"start":{"line":163,"column":8},"end":{"line":176,"column":11}},"64":{"start":{"line":164,"column":12},"end":{"line":175,"column":13}},"65":{"start":{"line":166,"column":16},"end":{"line":166,"column":65}},"66":{"start":{"line":167,"column":16},"end":{"line":167,"column":36}},"67":{"start":{"line":170,"column":16},"end":{"line":170,"column":40}},"68":{"start":{"line":171,"column":16},"end":{"line":173,"column":19}},"69":{"start":{"line":172,"column":20},"end":{"line":172,"column":77}},"70":{"start":{"line":174,"column":16},"end":{"line":174,"column":47}},"71":{"start":{"line":180,"column":0},"end":{"line":180,"column":22}}},"branchMap":{"1":{"line":25,"type":"if","locations":[{"start":{"line":25,"column":12},"end":{"line":25,"column":12}},{"start":{"line":25,"column":12},"end":{"line":25,"column":12}}]},"2":{"line":40,"type":"if","locations":[{"start":{"line":40,"column":12},"end":{"line":40,"column":12}},{"start":{"line":40,"column":12},"end":{"line":40,"column":12}}]},"3":{"line":46,"type":"if","locations":[{"start":{"line":46,"column":16},"end":{"line":46,"column":16}},{"start":{"line":46,"column":16},"end":{"line":46,"column":16}}]},"4":{"line":59,"type":"if","locations":[{"start":{"line":59,"column":12},"end":{"line":59,"column":12}},{"start":{"line":59,"column":12},"end":{"line":59,"column":12}}]},"5":{"line":74,"type":"if","locations":[{"start":{"line":74,"column":12},"end":{"line":74,"column":12}},{"start":{"line":74,"column":12},"end":{"line":74,"column":12}}]},"6":{"line":89,"type":"if","locations":[{"start":{"line":89,"column":12},"end":{"line":89,"column":12}},{"start":{"line":89,"column":12},"end":{"line":89,"column":12}}]},"7":{"line":105,"type":"if","locations":[{"start":{"line":105,"column":12},"end":{"line":105,"column":12}},{"start":{"line":105,"column":12},"end":{"line":105,"column":12}}]},"8":{"line":121,"type":"if","locations":[{"start":{"line":121,"column":12},"end":{"line":121,"column":12}},{"start":{"line":121,"column":12},"end":{"line":121,"column":12}}]},"9":{"line":136,"type":"if","locations":[{"start":{"line":136,"column":12},"end":{"line":136,"column":12}},{"start":{"line":136,"column":12},"end":{"line":136,"column":12}}]},"10":{"line":151,"type":"if","locations":[{"start":{"line":151,"column":12},"end":{"line":151,"column":12}},{"start":{"line":151,"column":12},"end":{"line":151,"column":12}}]},"11":{"line":164,"type":"if","locations":[{"start":{"line":164,"column":12},"end":{"line":164,"column":12}},{"start":{"line":164,"column":12},"end":{"line":164,"column":12}}]}}},"/Users/Ling/Documents/graduate_study/Foundations of Software Engineering/iteration3_test/s17-ESN-SV7/models/Message.js":{"path":"/Users/Ling/Documents/graduate_study/Foundations of Software Engineering/iteration3_test/s17-ESN-SV7/models/Message.js","s":{"1":11,"2":11,"3":11,"4":11,"5":11,"6":11,"7":11,"8":5,"9":5,"10":5,"11":0,"12":0,"13":5,"14":0,"15":0,"16":0,"17":0,"18":0,"19":0,"20":1,"21":1,"22":1,"23":0,"24":0,"25":1,"26":1,"27":1,"28":1,"29":0,"30":0,"31":1,"32":1,"33":516,"34":516,"35":516,"36":516,"37":516,"38":516,"39":516,"40":1,"41":0,"42":0,"43":0,"44":0,"45":0,"46":0,"47":0,"48":0,"49":0,"50":0,"51":4,"52":4,"53":4,"54":0,"55":4,"56":2,"57":2,"58":2,"59":0,"60":2,"61":2,"62":2,"63":2,"64":2,"65":0,"66":2,"67":2,"68":2,"69":2,"70":2,"71":2,"72":2,"73":0,"74":2,"75":0,"76":0,"77":0,"78":0,"79":0,"80":0,"81":0,"82":0,"83":0,"84":0,"85":0,"86":1,"87":1,"88":1,"89":1,"90":2,"91":1,"92":1,"93":1,"94":0,"95":0,"96":1,"97":517,"98":517,"99":517,"100":517,"101":517,"102":517,"103":517,"104":1,"105":1},"b":{"1":[0,5],"2":[0,0],"3":[0,1],"4":[0,1],"5":[0,0],"6":[0,0],"7":[0,4],"8":[0,2],"9":[0,2],"10":[2,0],"11":[2,2],"12":[0,2],"13":[2,2],"14":[0,0],"15":[0,1]},"f":{"1":11,"2":5,"3":5,"4":0,"5":0,"6":1,"7":1,"8":1,"9":1,"10":516,"11":0,"12":0,"13":0,"14":0,"15":4,"16":4,"17":2,"18":2,"19":2,"20":2,"21":2,"22":0,"23":0,"24":1,"25":2,"26":1,"27":517},"fnMap":{"1":{"name":"(anonymous_1)","line":8,"loc":{"start":{"line":8,"column":15},"end":{"line":8,"column":88}}},"2":{"name":"(anonymous_2)","line":21,"loc":{"start":{"line":21,"column":17},"end":{"line":21,"column":32}}},"3":{"name":"(anonymous_3)","line":31,"loc":{"start":{"line":31,"column":11},"end":{"line":31,"column":35}}},"4":{"name":"(anonymous_4)","line":44,"loc":{"start":{"line":44,"column":19},"end":{"line":44,"column":34}}},"5":{"name":"(anonymous_5)","line":46,"loc":{"start":{"line":46,"column":39},"end":{"line":46,"column":63}}},"6":{"name":"(anonymous_6)","line":58,"loc":{"start":{"line":58,"column":20},"end":{"line":58,"column":35}}},"7":{"name":"(anonymous_7)","line":63,"loc":{"start":{"line":63,"column":43},"end":{"line":63,"column":67}}},"8":{"name":"(anonymous_8)","line":75,"loc":{"start":{"line":75,"column":25},"end":{"line":75,"column":40}}},"9":{"name":"(anonymous_9)","line":81,"loc":{"start":{"line":81,"column":19},"end":{"line":81,"column":43}}},"10":{"name":"(anonymous_10)","line":87,"loc":{"start":{"line":87,"column":32},"end":{"line":87,"column":50}}},"11":{"name":"(anonymous_11)","line":103,"loc":{"start":{"line":103,"column":25},"end":{"line":103,"column":39}}},"12":{"name":"(anonymous_12)","line":108,"loc":{"start":{"line":108,"column":19},"end":{"line":108,"column":43}}},"13":{"name":"(anonymous_13)","line":119,"loc":{"start":{"line":119,"column":32},"end":{"line":119,"column":46}}},"14":{"name":"(anonymous_14)","line":125,"loc":{"start":{"line":125,"column":19},"end":{"line":125,"column":43}}},"15":{"name":"(anonymous_15)","line":136,"loc":{"start":{"line":136,"column":29},"end":{"line":136,"column":61}}},"16":{"name":"(anonymous_16)","line":143,"loc":{"start":{"line":143,"column":19},"end":{"line":143,"column":43}}},"17":{"name":"(anonymous_17)","line":150,"loc":{"start":{"line":150,"column":26},"end":{"line":150,"column":40}}},"18":{"name":"(anonymous_18)","line":155,"loc":{"start":{"line":155,"column":11},"end":{"line":155,"column":35}}},"19":{"name":"(anonymous_19)","line":164,"loc":{"start":{"line":164,"column":27},"end":{"line":164,"column":41}}},"20":{"name":"(anonymous_20)","line":172,"loc":{"start":{"line":172,"column":180},"end":{"line":172,"column":204}}},"21":{"name":"(anonymous_21)","line":176,"loc":{"start":{"line":176,"column":32},"end":{"line":176,"column":48}}},"22":{"name":"(anonymous_22)","line":193,"loc":{"start":{"line":193,"column":30},"end":{"line":193,"column":62}}},"23":{"name":"(anonymous_23)","line":200,"loc":{"start":{"line":200,"column":48},"end":{"line":200,"column":71}}},"24":{"name":"(anonymous_24)","line":215,"loc":{"start":{"line":215,"column":27},"end":{"line":215,"column":59}}},"25":{"name":"(anonymous_25)","line":219,"loc":{"start":{"line":219,"column":22},"end":{"line":219,"column":37}}},"26":{"name":"(anonymous_26)","line":223,"loc":{"start":{"line":223,"column":115},"end":{"line":223,"column":138}}},"27":{"name":"(anonymous_27)","line":229,"loc":{"start":{"line":229,"column":32},"end":{"line":229,"column":50}}}},"statementMap":{"1":{"start":{"line":9,"column":8},"end":{"line":9,"column":29}},"2":{"start":{"line":10,"column":8},"end":{"line":10,"column":33}},"3":{"start":{"line":11,"column":8},"end":{"line":11,"column":25}},"4":{"start":{"line":12,"column":8},"end":{"line":12,"column":31}},"5":{"start":{"line":13,"column":8},"end":{"line":13,"column":33}},"6":{"start":{"line":14,"column":8},"end":{"line":14,"column":47}},"7":{"start":{"line":15,"column":8},"end":{"line":15,"column":37}},"8":{"start":{"line":22,"column":8},"end":{"line":22,"column":52}},"9":{"start":{"line":23,"column":8},"end":{"line":39,"column":11}},"10":{"start":{"line":32,"column":12},"end":{"line":38,"column":13}},"11":{"start":{"line":33,"column":16},"end":{"line":33,"column":66}},"12":{"start":{"line":34,"column":16},"end":{"line":34,"column":36}},"13":{"start":{"line":37,"column":16},"end":{"line":37,"column":40}},"14":{"start":{"line":45,"column":8},"end":{"line":45,"column":52}},"15":{"start":{"line":46,"column":8},"end":{"line":54,"column":11}},"16":{"start":{"line":47,"column":12},"end":{"line":53,"column":13}},"17":{"start":{"line":48,"column":16},"end":{"line":48,"column":66}},"18":{"start":{"line":49,"column":16},"end":{"line":49,"column":36}},"19":{"start":{"line":52,"column":16},"end":{"line":52,"column":40}},"20":{"start":{"line":59,"column":8},"end":{"line":59,"column":52}},"21":{"start":{"line":60,"column":8},"end":{"line":71,"column":11}},"22":{"start":{"line":64,"column":12},"end":{"line":70,"column":13}},"23":{"start":{"line":65,"column":16},"end":{"line":65,"column":64}},"24":{"start":{"line":66,"column":16},"end":{"line":66,"column":36}},"25":{"start":{"line":69,"column":16},"end":{"line":69,"column":40}},"26":{"start":{"line":76,"column":8},"end":{"line":76,"column":52}},"27":{"start":{"line":77,"column":8},"end":{"line":99,"column":11}},"28":{"start":{"line":82,"column":12},"end":{"line":98,"column":13}},"29":{"start":{"line":83,"column":16},"end":{"line":83,"column":77}},"30":{"start":{"line":84,"column":16},"end":{"line":84,"column":36}},"31":{"start":{"line":86,"column":16},"end":{"line":86,"column":31}},"32":{"start":{"line":87,"column":16},"end":{"line":95,"column":19}},"33":{"start":{"line":88,"column":20},"end":{"line":88,"column":34}},"34":{"start":{"line":89,"column":20},"end":{"line":89,"column":51}},"35":{"start":{"line":90,"column":20},"end":{"line":90,"column":55}},"36":{"start":{"line":91,"column":20},"end":{"line":91,"column":57}},"37":{"start":{"line":92,"column":20},"end":{"line":92,"column":56}},"38":{"start":{"line":93,"column":20},"end":{"line":93,"column":70}},"39":{"start":{"line":94,"column":20},"end":{"line":94,"column":37}},"40":{"start":{"line":97,"column":16},"end":{"line":97,"column":38}},"41":{"start":{"line":104,"column":8},"end":{"line":104,"column":52}},"42":{"start":{"line":105,"column":8},"end":{"line":115,"column":11}},"43":{"start":{"line":109,"column":12},"end":{"line":114,"column":13}},"44":{"start":{"line":110,"column":16},"end":{"line":110,"column":36}},"45":{"start":{"line":113,"column":16},"end":{"line":113,"column":47}},"46":{"start":{"line":120,"column":8},"end":{"line":120,"column":52}},"47":{"start":{"line":121,"column":8},"end":{"line":132,"column":11}},"48":{"start":{"line":126,"column":12},"end":{"line":131,"column":13}},"49":{"start":{"line":127,"column":16},"end":{"line":127,"column":36}},"50":{"start":{"line":130,"column":16},"end":{"line":130,"column":47}},"51":{"start":{"line":137,"column":8},"end":{"line":137,"column":52}},"52":{"start":{"line":138,"column":8},"end":{"line":146,"column":11}},"53":{"start":{"line":144,"column":12},"end":{"line":145,"column":48}},"54":{"start":{"line":144,"column":20},"end":{"line":144,"column":40}},"55":{"start":{"line":145,"column":17},"end":{"line":145,"column":48}},"56":{"start":{"line":151,"column":8},"end":{"line":151,"column":52}},"57":{"start":{"line":152,"column":8},"end":{"line":160,"column":11}},"58":{"start":{"line":156,"column":12},"end":{"line":159,"column":13}},"59":{"start":{"line":156,"column":20},"end":{"line":156,"column":40}},"60":{"start":{"line":158,"column":16},"end":{"line":158,"column":40}},"61":{"start":{"line":165,"column":8},"end":{"line":165,"column":37}},"62":{"start":{"line":166,"column":8},"end":{"line":166,"column":52}},"63":{"start":{"line":172,"column":8},"end":{"line":190,"column":11}},"64":{"start":{"line":173,"column":12},"end":{"line":189,"column":13}},"65":{"start":{"line":173,"column":20},"end":{"line":173,"column":40}},"66":{"start":{"line":175,"column":16},"end":{"line":175,"column":34}},"67":{"start":{"line":176,"column":16},"end":{"line":185,"column":19}},"68":{"start":{"line":177,"column":20},"end":{"line":177,"column":61}},"69":{"start":{"line":178,"column":20},"end":{"line":180,"column":21}},"70":{"start":{"line":179,"column":24},"end":{"line":179,"column":50}},"71":{"start":{"line":181,"column":20},"end":{"line":181,"column":65}},"72":{"start":{"line":182,"column":20},"end":{"line":184,"column":21}},"73":{"start":{"line":183,"column":24},"end":{"line":183,"column":52}},"74":{"start":{"line":188,"column":16},"end":{"line":188,"column":40}},"75":{"start":{"line":194,"column":8},"end":{"line":194,"column":52}},"76":{"start":{"line":195,"column":8},"end":{"line":212,"column":11}},"77":{"start":{"line":201,"column":12},"end":{"line":211,"column":13}},"78":{"start":{"line":201,"column":20},"end":{"line":201,"column":40}},"79":{"start":{"line":203,"column":16},"end":{"line":203,"column":30}},"80":{"start":{"line":204,"column":16},"end":{"line":204,"column":50}},"81":{"start":{"line":205,"column":16},"end":{"line":205,"column":54}},"82":{"start":{"line":206,"column":16},"end":{"line":206,"column":56}},"83":{"start":{"line":207,"column":16},"end":{"line":207,"column":55}},"84":{"start":{"line":208,"column":16},"end":{"line":208,"column":69}},"85":{"start":{"line":210,"column":16},"end":{"line":210,"column":37}},"86":{"start":{"line":216,"column":8},"end":{"line":216,"column":52}},"87":{"start":{"line":217,"column":8},"end":{"line":217,"column":21}},"88":{"start":{"line":218,"column":8},"end":{"line":218,"column":34}},"89":{"start":{"line":219,"column":8},"end":{"line":221,"column":11}},"90":{"start":{"line":220,"column":12},"end":{"line":220,"column":43}},"91":{"start":{"line":222,"column":8},"end":{"line":222,"column":61}},"92":{"start":{"line":223,"column":8},"end":{"line":240,"column":11}},"93":{"start":{"line":224,"column":12},"end":{"line":239,"column":13}},"94":{"start":{"line":225,"column":16},"end":{"line":225,"column":79}},"95":{"start":{"line":226,"column":16},"end":{"line":226,"column":36}},"96":{"start":{"line":229,"column":16},"end":{"line":237,"column":19}},"97":{"start":{"line":230,"column":20},"end":{"line":230,"column":34}},"98":{"start":{"line":231,"column":20},"end":{"line":231,"column":51}},"99":{"start":{"line":232,"column":20},"end":{"line":232,"column":55}},"100":{"start":{"line":233,"column":20},"end":{"line":233,"column":53}},"101":{"start":{"line":234,"column":20},"end":{"line":234,"column":56}},"102":{"start":{"line":235,"column":20},"end":{"line":235,"column":70}},"103":{"start":{"line":236,"column":20},"end":{"line":236,"column":37}},"104":{"start":{"line":238,"column":16},"end":{"line":238,"column":38}},"105":{"start":{"line":243,"column":0},"end":{"line":243,"column":25}}},"branchMap":{"1":{"line":32,"type":"if","locations":[{"start":{"line":32,"column":12},"end":{"line":32,"column":12}},{"start":{"line":32,"column":12},"end":{"line":32,"column":12}}]},"2":{"line":47,"type":"if","locations":[{"start":{"line":47,"column":12},"end":{"line":47,"column":12}},{"start":{"line":47,"column":12},"end":{"line":47,"column":12}}]},"3":{"line":64,"type":"if","locations":[{"start":{"line":64,"column":12},"end":{"line":64,"column":12}},{"start":{"line":64,"column":12},"end":{"line":64,"column":12}}]},"4":{"line":82,"type":"if","locations":[{"start":{"line":82,"column":12},"end":{"line":82,"column":12}},{"start":{"line":82,"column":12},"end":{"line":82,"column":12}}]},"5":{"line":109,"type":"if","locations":[{"start":{"line":109,"column":12},"end":{"line":109,"column":12}},{"start":{"line":109,"column":12},"end":{"line":109,"column":12}}]},"6":{"line":126,"type":"if","locations":[{"start":{"line":126,"column":12},"end":{"line":126,"column":12}},{"start":{"line":126,"column":12},"end":{"line":126,"column":12}}]},"7":{"line":144,"type":"if","locations":[{"start":{"line":144,"column":12},"end":{"line":144,"column":12}},{"start":{"line":144,"column":12},"end":{"line":144,"column":12}}]},"8":{"line":156,"type":"if","locations":[{"start":{"line":156,"column":12},"end":{"line":156,"column":12}},{"start":{"line":156,"column":12},"end":{"line":156,"column":12}}]},"9":{"line":173,"type":"if","locations":[{"start":{"line":173,"column":12},"end":{"line":173,"column":12}},{"start":{"line":173,"column":12},"end":{"line":173,"column":12}}]},"10":{"line":178,"type":"if","locations":[{"start":{"line":178,"column":20},"end":{"line":178,"column":20}},{"start":{"line":178,"column":20},"end":{"line":178,"column":20}}]},"11":{"line":178,"type":"binary-expr","locations":[{"start":{"line":178,"column":23},"end":{"line":178,"column":57}},{"start":{"line":178,"column":61},"end":{"line":178,"column":83}}]},"12":{"line":182,"type":"if","locations":[{"start":{"line":182,"column":20},"end":{"line":182,"column":20}},{"start":{"line":182,"column":20},"end":{"line":182,"column":20}}]},"13":{"line":182,"type":"binary-expr","locations":[{"start":{"line":182,"column":23},"end":{"line":182,"column":59}},{"start":{"line":182,"column":63},"end":{"line":182,"column":87}}]},"14":{"line":201,"type":"if","locations":[{"start":{"line":201,"column":12},"end":{"line":201,"column":12}},{"start":{"line":201,"column":12},"end":{"line":201,"column":12}}]},"15":{"line":224,"type":"if","locations":[{"start":{"line":224,"column":12},"end":{"line":224,"column":12}},{"start":{"line":224,"column":12},"end":{"line":224,"column":12}}]}}},"/Users/Ling/Documents/graduate_study/Foundations of Software Engineering/iteration3_test/s17-ESN-SV7/models/PublicChatDBoper.js":{"path":"/Users/Ling/Documents/graduate_study/Foundations of Software Engineering/iteration3_test/s17-ESN-SV7/models/PublicChatDBoper.js","s":{"1":1,"2":1,"3":1,"4":1,"5":0,"6":0,"7":1,"8":1,"9":1,"10":1,"11":1,"12":1,"13":0,"14":0,"15":1,"16":1,"17":1,"18":0,"19":0,"20":1,"21":1,"22":102,"23":102,"24":102,"25":102,"26":102,"27":102,"28":1,"29":1,"30":1,"31":1},"b":{"1":[0,1],"2":[0,1],"3":[0,1]},"f":{"1":1,"2":1,"3":1,"4":1,"5":1,"6":102},"fnMap":{"1":{"name":"(anonymous_1)","line":14,"loc":{"start":{"line":14,"column":18},"end":{"line":14,"column":93}}},"2":{"name":"(anonymous_2)","line":16,"loc":{"start":{"line":16,"column":33},"end":{"line":16,"column":52}}},"3":{"name":"(anonymous_3)","line":29,"loc":{"start":{"line":29,"column":22},"end":{"line":29,"column":38}}},"4":{"name":"(anonymous_4)","line":30,"loc":{"start":{"line":30,"column":33},"end":{"line":30,"column":51}}},"5":{"name":"(anonymous_5)","line":36,"loc":{"start":{"line":36,"column":56},"end":{"line":36,"column":78}}},"6":{"name":"(anonymous_6)","line":43,"loc":{"start":{"line":43,"column":36},"end":{"line":43,"column":52}}}},"statementMap":{"1":{"start":{"line":6,"column":0},"end":{"line":6,"column":49}},"2":{"start":{"line":10,"column":0},"end":{"line":10,"column":34}},"3":{"start":{"line":16,"column":8},"end":{"line":26,"column":11}},"4":{"start":{"line":17,"column":12},"end":{"line":20,"column":13}},"5":{"start":{"line":18,"column":16},"end":{"line":18,"column":43}},"6":{"start":{"line":19,"column":16},"end":{"line":19,"column":42}},"7":{"start":{"line":21,"column":12},"end":{"line":21,"column":55}},"8":{"start":{"line":23,"column":12},"end":{"line":23,"column":153}},"9":{"start":{"line":24,"column":12},"end":{"line":24,"column":46}},"10":{"start":{"line":25,"column":12},"end":{"line":25,"column":23}},"11":{"start":{"line":30,"column":8},"end":{"line":56,"column":11}},"12":{"start":{"line":31,"column":12},"end":{"line":34,"column":13}},"13":{"start":{"line":32,"column":16},"end":{"line":32,"column":44}},"14":{"start":{"line":33,"column":16},"end":{"line":33,"column":42}},"15":{"start":{"line":35,"column":12},"end":{"line":35,"column":55}},"16":{"start":{"line":36,"column":12},"end":{"line":55,"column":15}},"17":{"start":{"line":37,"column":16},"end":{"line":53,"column":17}},"18":{"start":{"line":39,"column":20},"end":{"line":39,"column":47}},"19":{"start":{"line":40,"column":20},"end":{"line":40,"column":52}},"20":{"start":{"line":42,"column":20},"end":{"line":42,"column":35}},"21":{"start":{"line":43,"column":20},"end":{"line":50,"column":23}},"22":{"start":{"line":44,"column":24},"end":{"line":44,"column":38}},"23":{"start":{"line":45,"column":24},"end":{"line":45,"column":57}},"24":{"start":{"line":46,"column":24},"end":{"line":46,"column":56}},"25":{"start":{"line":47,"column":24},"end":{"line":47,"column":60}},"26":{"start":{"line":48,"column":24},"end":{"line":48,"column":73}},"27":{"start":{"line":49,"column":24},"end":{"line":49,"column":41}},"28":{"start":{"line":52,"column":20},"end":{"line":52,"column":40}},"29":{"start":{"line":54,"column":16},"end":{"line":54,"column":27}},"30":{"start":{"line":60,"column":0},"end":{"line":60,"column":46}},"31":{"start":{"line":62,"column":0},"end":{"line":65,"column":2}}},"branchMap":{"1":{"line":17,"type":"if","locations":[{"start":{"line":17,"column":12},"end":{"line":17,"column":12}},{"start":{"line":17,"column":12},"end":{"line":17,"column":12}}]},"2":{"line":31,"type":"if","locations":[{"start":{"line":31,"column":12},"end":{"line":31,"column":12}},{"start":{"line":31,"column":12},"end":{"line":31,"column":12}}]},"3":{"line":37,"type":"if","locations":[{"start":{"line":37,"column":16},"end":{"line":37,"column":16}},{"start":{"line":37,"column":16},"end":{"line":37,"column":16}}]}}},"/Users/Ling/Documents/graduate_study/Foundations of Software Engineering/iteration3_test/s17-ESN-SV7/models/ShareStatusDBoper.js":{"path":"/Users/Ling/Documents/graduate_study/Foundations of Software Engineering/iteration3_test/s17-ESN-SV7/models/ShareStatusDBoper.js","s":{"1":1,"2":1,"3":1,"4":1,"5":1,"6":0,"7":0,"8":1,"9":1,"10":1,"11":1,"12":1,"13":0,"14":0,"15":1,"16":1,"17":1,"18":1,"19":0,"20":1,"21":0,"22":1,"23":1,"24":1,"25":1,"26":1,"27":1},"b":{"1":[0,1],"2":[0,1],"3":[0,1],"4":[0,1]},"f":{"1":1,"2":1,"3":1,"4":1,"5":1,"6":1},"fnMap":{"1":{"name":"(anonymous_1)","line":15,"loc":{"start":{"line":15,"column":21},"end":{"line":15,"column":63}}},"2":{"name":"(anonymous_2)","line":17,"loc":{"start":{"line":17,"column":33},"end":{"line":17,"column":52}}},"3":{"name":"(anonymous_3)","line":32,"loc":{"start":{"line":32,"column":18},"end":{"line":32,"column":43}}},"4":{"name":"(anonymous_4)","line":33,"loc":{"start":{"line":33,"column":33},"end":{"line":33,"column":50}}},"5":{"name":"(anonymous_5)","line":46,"loc":{"start":{"line":46,"column":68},"end":{"line":46,"column":90}}},"6":{"name":"(anonymous_6)","line":55,"loc":{"start":{"line":55,"column":44},"end":{"line":55,"column":60}}}},"statementMap":{"1":{"start":{"line":5,"column":0},"end":{"line":5,"column":49}},"2":{"start":{"line":10,"column":0},"end":{"line":10,"column":34}},"3":{"start":{"line":17,"column":8},"end":{"line":29,"column":11}},"4":{"start":{"line":18,"column":12},"end":{"line":18,"column":61}},"5":{"start":{"line":19,"column":12},"end":{"line":28,"column":13}},"6":{"start":{"line":20,"column":16},"end":{"line":20,"column":43}},"7":{"start":{"line":21,"column":16},"end":{"line":21,"column":42}},"8":{"start":{"line":24,"column":16},"end":{"line":24,"column":60}},"9":{"start":{"line":25,"column":16},"end":{"line":25,"column":116}},"10":{"start":{"line":27,"column":16},"end":{"line":27,"column":27}},"11":{"start":{"line":33,"column":8},"end":{"line":64,"column":11}},"12":{"start":{"line":35,"column":12},"end":{"line":62,"column":13}},"13":{"start":{"line":36,"column":16},"end":{"line":36,"column":43}},"14":{"start":{"line":37,"column":16},"end":{"line":37,"column":42}},"15":{"start":{"line":41,"column":16},"end":{"line":41,"column":60}},"16":{"start":{"line":44,"column":16},"end":{"line":44,"column":28}},"17":{"start":{"line":46,"column":16},"end":{"line":61,"column":19}},"18":{"start":{"line":47,"column":20},"end":{"line":60,"column":21}},"19":{"start":{"line":48,"column":24},"end":{"line":48,"column":72}},"20":{"start":{"line":51,"column":24},"end":{"line":58,"column":25}},"21":{"start":{"line":52,"column":28},"end":{"line":52,"column":66}},"22":{"start":{"line":55,"column":28},"end":{"line":57,"column":31}},"23":{"start":{"line":56,"column":32},"end":{"line":56,"column":81}},"24":{"start":{"line":59,"column":24},"end":{"line":59,"column":44}},"25":{"start":{"line":63,"column":12},"end":{"line":63,"column":23}},"26":{"start":{"line":68,"column":0},"end":{"line":68,"column":39}},"27":{"start":{"line":70,"column":0},"end":{"line":73,"column":2}}},"branchMap":{"1":{"line":19,"type":"if","locations":[{"start":{"line":19,"column":12},"end":{"line":19,"column":12}},{"start":{"line":19,"column":12},"end":{"line":19,"column":12}}]},"2":{"line":35,"type":"if","locations":[{"start":{"line":35,"column":12},"end":{"line":35,"column":12}},{"start":{"line":35,"column":12},"end":{"line":35,"column":12}}]},"3":{"line":47,"type":"if","locations":[{"start":{"line":47,"column":20},"end":{"line":47,"column":20}},{"start":{"line":47,"column":20},"end":{"line":47,"column":20}}]},"4":{"line":51,"type":"if","locations":[{"start":{"line":51,"column":24},"end":{"line":51,"column":24}},{"start":{"line":51,"column":24},"end":{"line":51,"column":24}}]}}}}