TN:
SF:/Users/Ling/Documents/graduate_study/Foundations of Software Engineering/iteration3_test/s17-ESN-SV7/models/PostAnnouncementDBoper.js
FN:13,(anonymous_1)
FN:15,(anonymous_2)
FN:28,(anonymous_3)
FN:29,(anonymous_4)
FN:36,(anonymous_5)
FN:43,(anonymous_6)
FNF:6
FNH:6
FNDA:1,(anonymous_1)
FNDA:1,(anonymous_2)
FNDA:1,(anonymous_3)
FNDA:1,(anonymous_4)
FNDA:1,(anonymous_5)
FNDA:129,(anonymous_6)
DA:6,1
DA:10,1
DA:15,1
DA:16,1
DA:17,0
DA:18,0
DA:20,1
DA:22,1
DA:23,1
DA:24,1
DA:29,1
DA:30,1
DA:31,1
DA:32,0
DA:33,0
DA:35,1
DA:36,1
DA:37,1
DA:39,0
DA:40,0
DA:42,1
DA:43,1
DA:44,129
DA:45,129
DA:46,129
DA:47,129
DA:48,129
DA:50,1
DA:52,1
DA:58,1
DA:60,1
LF:31
LH:25
BRDA:16,1,0,0
BRDA:16,1,1,1
BRDA:31,2,0,0
BRDA:31,2,1,1
BRDA:37,3,0,0
BRDA:37,3,1,1
BRF:6
BRH:3
end_of_record
TN:
SF:/Users/Ling/Documents/graduate_study/Foundations of Software Engineering/iteration3_test/s17-ESN-SV7/models/PrivateChatDBOper.js
FN:20,(anonymous_1)
FN:26,(anonymous_2)
FN:27,(anonymous_3)
FN:35,(anonymous_4)
FN:49,(anonymous_5)
FN:50,(anonymous_6)
FN:62,(anonymous_7)
FN:80,(anonymous_8)
FN:83,(anonymous_9)
FN:90,(anonymous_10)
FN:97,(anonymous_11)
FN:112,(anonymous_12)
FN:115,(anonymous_13)
FN:121,(anonymous_14)
FN:138,(anonymous_15)
FN:140,(anonymous_16)
FN:146,(anonymous_17)
FN:158,(anonymous_18)
FN:160,(anonymous_19)
FN:166,(anonymous_20)
FN:178,(anonymous_21)
FN:180,(anonymous_22)
FN:186,(anonymous_23)
FN:192,(anonymous_24)
FN:194,(anonymous_25)
FN:218,(anonymous_26)
FN:220,(anonymous_27)
FN:226,(anonymous_28)
FN:232,(anonymous_29)
FN:234,(anonymous_30)
FN:255,(anonymous_31)
FN:257,(anonymous_32)
FN:263,(anonymous_33)
FN:269,(anonymous_34)
FN:271,(anonymous_35)
FN:292,(anonymous_36)
FN:293,(anonymous_37)
FN:299,(anonymous_38)
FNF:38
FNH:21
FNDA:4,(anonymous_1)
FNDA:0,(anonymous_2)
FNDA:0,(anonymous_3)
FNDA:0,(anonymous_4)
FNDA:5,(anonymous_5)
FNDA:5,(anonymous_6)
FNDA:5,(anonymous_7)
FNDA:1,(anonymous_8)
FNDA:1,(anonymous_9)
FNDA:1,(anonymous_10)
FNDA:1,(anonymous_11)
FNDA:0,(anonymous_12)
FNDA:0,(anonymous_13)
FNDA:0,(anonymous_14)
FNDA:0,(anonymous_15)
FNDA:0,(anonymous_16)
FNDA:0,(anonymous_17)
FNDA:0,(anonymous_18)
FNDA:0,(anonymous_19)
FNDA:0,(anonymous_20)
FNDA:2,(anonymous_21)
FNDA:2,(anonymous_22)
FNDA:2,(anonymous_23)
FNDA:2,(anonymous_24)
FNDA:2,(anonymous_25)
FNDA:2,(anonymous_26)
FNDA:2,(anonymous_27)
FNDA:2,(anonymous_28)
FNDA:2,(anonymous_29)
FNDA:2,(anonymous_30)
FNDA:0,(anonymous_31)
FNDA:0,(anonymous_32)
FNDA:0,(anonymous_33)
FNDA:0,(anonymous_34)
FNDA:0,(anonymous_35)
FNDA:1,(anonymous_36)
FNDA:1,(anonymous_37)
FNDA:1,(anonymous_38)
DA:5,1
DA:6,1
DA:12,1
DA:14,1
DA:15,1
DA:16,1
DA:21,4
DA:22,4
DA:23,4
DA:27,0
DA:28,0
DA:29,0
DA:30,0
DA:34,0
DA:35,0
DA:36,0
DA:37,0
DA:38,0
DA:41,0
DA:44,0
DA:50,5
DA:51,5
DA:52,0
DA:53,0
DA:56,5
DA:57,5
DA:58,5
DA:59,5
DA:60,5
DA:61,5
DA:62,5
DA:63,5
DA:64,0
DA:65,0
DA:68,5
DA:71,5
DA:81,1
DA:82,1
DA:83,1
DA:84,1
DA:85,0
DA:89,1
DA:90,1
DA:91,1
DA:92,0
DA:93,0
DA:97,1
DA:98,1
DA:100,1
DA:103,1
DA:113,0
DA:114,0
DA:115,0
DA:116,0
DA:117,0
DA:120,0
DA:121,0
DA:122,0
DA:123,0
DA:124,0
DA:127,0
DA:128,0
DA:139,0
DA:140,0
DA:141,0
DA:142,0
DA:145,0
DA:146,0
DA:147,0
DA:148,0
DA:150,0
DA:159,0
DA:160,0
DA:161,0
DA:162,0
DA:165,0
DA:166,0
DA:167,0
DA:168,0
DA:170,0
DA:179,2
DA:180,2
DA:181,2
DA:182,0
DA:185,2
DA:186,2
DA:187,2
DA:189,2
DA:190,2
DA:191,2
DA:192,2
DA:193,2
DA:194,2
DA:195,2
DA:197,2
DA:198,2
DA:199,2
DA:200,2
DA:201,2
DA:202,2
DA:209,2
DA:219,2
DA:220,2
DA:221,2
DA:222,0
DA:225,2
DA:226,2
DA:227,2
DA:229,2
DA:230,2
DA:231,2
DA:232,2
DA:233,2
DA:234,2
DA:235,2
DA:237,2
DA:238,2
DA:239,2
DA:240,2
DA:241,2
DA:242,2
DA:249,2
DA:256,0
DA:257,0
DA:258,0
DA:259,0
DA:262,0
DA:263,0
DA:264,0
DA:266,0
DA:267,0
DA:268,0
DA:269,0
DA:270,0
DA:271,0
DA:272,0
DA:274,0
DA:275,0
DA:276,0
DA:277,0
DA:278,0
DA:279,0
DA:286,0
DA:293,1
DA:294,1
DA:295,0
DA:298,1
DA:299,1
DA:300,1
DA:301,0
DA:304,1
DA:306,1
DA:312,1
LF:153
LH:80
BRDA:28,1,0,0
BRDA:28,1,1,0
BRDA:36,2,0,0
BRDA:36,2,1,0
BRDA:51,3,0,0
BRDA:51,3,1,5
BRDA:63,4,0,0
BRDA:63,4,1,5
BRDA:84,5,0,0
BRDA:84,5,1,1
BRDA:91,6,0,0
BRDA:91,6,1,1
BRDA:98,7,0,0
BRDA:98,7,1,1
BRDA:116,8,0,0
BRDA:116,8,1,0
BRDA:122,9,0,0
BRDA:122,9,1,0
BRDA:141,10,0,0
BRDA:141,10,1,0
BRDA:147,11,0,0
BRDA:147,11,1,0
BRDA:161,12,0,0
BRDA:161,12,1,0
BRDA:167,13,0,0
BRDA:167,13,1,0
BRDA:181,14,0,0
BRDA:181,14,1,2
BRDA:187,15,0,0
BRDA:187,15,1,2
BRDA:190,16,0,0
BRDA:190,16,1,2
BRDA:195,17,0,0
BRDA:195,17,1,2
BRDA:201,18,0,2
BRDA:201,18,1,0
BRDA:221,19,0,0
BRDA:221,19,1,2
BRDA:227,20,0,0
BRDA:227,20,1,2
BRDA:230,21,0,0
BRDA:230,21,1,2
BRDA:235,22,0,0
BRDA:235,22,1,2
BRDA:241,23,0,2
BRDA:241,23,1,0
BRDA:258,24,0,0
BRDA:258,24,1,0
BRDA:264,25,0,0
BRDA:264,25,1,0
BRDA:267,26,0,0
BRDA:267,26,1,0
BRDA:272,27,0,0
BRDA:272,27,1,0
BRDA:278,28,0,0
BRDA:278,28,1,0
BRDA:294,29,0,0
BRDA:294,29,1,1
BRDA:300,30,0,0
BRDA:300,30,1,1
BRF:60
BRH:17
end_of_record
TN:
SF:/Users/Ling/Documents/graduate_study/Foundations of Software Engineering/iteration3_test/s17-ESN-SV7/models/User.js
FN:8,(anonymous_1)
FN:17,(anonymous_2)
FN:24,(anonymous_3)
FN:35,(anonymous_4)
FN:39,(anonymous_5)
FN:56,(anonymous_6)
FN:58,(anonymous_7)
FN:71,(anonymous_8)
FN:73,(anonymous_9)
FN:86,(anonymous_10)
FN:88,(anonymous_11)
FN:101,(anonymous_12)
FN:104,(anonymous_13)
FN:117,(anonymous_14)
FN:120,(anonymous_15)
FN:133,(anonymous_16)
FN:135,(anonymous_17)
FN:148,(anonymous_18)
FN:150,(anonymous_19)
FN:161,(anonymous_20)
FN:163,(anonymous_21)
FN:171,(anonymous_22)
FNF:22
FNH:3
FNDA:1,(anonymous_1)
FNDA:1,(anonymous_2)
FNDA:1,(anonymous_3)
FNDA:0,(anonymous_4)
FNDA:0,(anonymous_5)
FNDA:0,(anonymous_6)
FNDA:0,(anonymous_7)
FNDA:0,(anonymous_8)
FNDA:0,(anonymous_9)
FNDA:0,(anonymous_10)
FNDA:0,(anonymous_11)
FNDA:0,(anonymous_12)
FNDA:0,(anonymous_13)
FNDA:0,(anonymous_14)
FNDA:0,(anonymous_15)
FNDA:0,(anonymous_16)
FNDA:0,(anonymous_17)
FNDA:0,(anonymous_18)
FNDA:0,(anonymous_19)
FNDA:0,(anonymous_20)
FNDA:0,(anonymous_21)
FNDA:0,(anonymous_22)
DA:9,1
DA:10,1
DA:11,1
DA:12,1
DA:13,1
DA:18,1
DA:19,1
DA:25,1
DA:27,0
DA:28,0
DA:30,1
DA:36,0
DA:39,0
DA:40,0
DA:42,0
DA:43,0
DA:46,0
DA:48,0
DA:50,0
DA:57,0
DA:58,0
DA:59,0
DA:61,0
DA:62,0
DA:65,0
DA:72,0
DA:73,0
DA:74,0
DA:76,0
DA:77,0
DA:80,0
DA:87,0
DA:88,0
DA:89,0
DA:91,0
DA:92,0
DA:95,0
DA:102,0
DA:104,0
DA:105,0
DA:107,0
DA:108,0
DA:111,0
DA:118,0
DA:120,0
DA:121,0
DA:123,0
DA:124,0
DA:127,0
DA:134,0
DA:135,0
DA:136,0
DA:138,0
DA:139,0
DA:142,0
DA:149,0
DA:150,0
DA:151,0
DA:153,0
DA:154,0
DA:157,0
DA:162,0
DA:163,0
DA:164,0
DA:166,0
DA:167,0
DA:170,0
DA:171,0
DA:172,0
DA:174,0
DA:180,1
LF:71
LH:10
BRDA:25,1,0,0
BRDA:25,1,1,1
BRDA:40,2,0,0
BRDA:40,2,1,0
BRDA:46,3,0,0
BRDA:46,3,1,0
BRDA:59,4,0,0
BRDA:59,4,1,0
BRDA:74,5,0,0
BRDA:74,5,1,0
BRDA:89,6,0,0
BRDA:89,6,1,0
BRDA:105,7,0,0
BRDA:105,7,1,0
BRDA:121,8,0,0
BRDA:121,8,1,0
BRDA:136,9,0,0
BRDA:136,9,1,0
BRDA:151,10,0,0
BRDA:151,10,1,0
BRDA:164,11,0,0
BRDA:164,11,1,0
BRF:22
BRH:1
end_of_record
TN:
SF:/Users/Ling/Documents/graduate_study/Foundations of Software Engineering/iteration3_test/s17-ESN-SV7/models/Message.js
FN:8,(anonymous_1)
FN:21,(anonymous_2)
FN:31,(anonymous_3)
FN:44,(anonymous_4)
FN:46,(anonymous_5)
FN:58,(anonymous_6)
FN:63,(anonymous_7)
FN:75,(anonymous_8)
FN:81,(anonymous_9)
FN:87,(anonymous_10)
FN:103,(anonymous_11)
FN:108,(anonymous_12)
FN:119,(anonymous_13)
FN:125,(anonymous_14)
FN:136,(anonymous_15)
FN:143,(anonymous_16)
FN:150,(anonymous_17)
FN:155,(anonymous_18)
FN:164,(anonymous_19)
FN:172,(anonymous_20)
FN:176,(anonymous_21)
FN:193,(anonymous_22)
FN:200,(anonymous_23)
FN:215,(anonymous_24)
FN:219,(anonymous_25)
FN:223,(anonymous_26)
FN:229,(anonymous_27)
FNF:27
FNH:19
FNDA:11,(anonymous_1)
FNDA:5,(anonymous_2)
FNDA:5,(anonymous_3)
FNDA:0,(anonymous_4)
FNDA:0,(anonymous_5)
FNDA:1,(anonymous_6)
FNDA:1,(anonymous_7)
FNDA:1,(anonymous_8)
FNDA:1,(anonymous_9)
FNDA:516,(anonymous_10)
FNDA:0,(anonymous_11)
FNDA:0,(anonymous_12)
FNDA:0,(anonymous_13)
FNDA:0,(anonymous_14)
FNDA:4,(anonymous_15)
FNDA:4,(anonymous_16)
FNDA:2,(anonymous_17)
FNDA:2,(anonymous_18)
FNDA:2,(anonymous_19)
FNDA:2,(anonymous_20)
FNDA:2,(anonymous_21)
FNDA:0,(anonymous_22)
FNDA:0,(anonymous_23)
FNDA:1,(anonymous_24)
FNDA:2,(anonymous_25)
FNDA:1,(anonymous_26)
FNDA:517,(anonymous_27)
DA:9,11
DA:10,11
DA:11,11
DA:12,11
DA:13,11
DA:14,11
DA:15,11
DA:22,5
DA:23,5
DA:32,5
DA:33,0
DA:34,0
DA:37,5
DA:45,0
DA:46,0
DA:47,0
DA:48,0
DA:49,0
DA:52,0
DA:59,1
DA:60,1
DA:64,1
DA:65,0
DA:66,0
DA:69,1
DA:76,1
DA:77,1
DA:82,1
DA:83,0
DA:84,0
DA:86,1
DA:87,1
DA:88,516
DA:89,516
DA:90,516
DA:91,516
DA:92,516
DA:93,516
DA:94,516
DA:97,1
DA:104,0
DA:105,0
DA:109,0
DA:110,0
DA:113,0
DA:120,0
DA:121,0
DA:126,0
DA:127,0
DA:130,0
DA:137,4
DA:138,4
DA:144,4
DA:145,4
DA:151,2
DA:152,2
DA:156,2
DA:158,2
DA:165,2
DA:166,2
DA:172,2
DA:173,2
DA:175,2
DA:176,2
DA:177,2
DA:178,2
DA:179,2
DA:181,2
DA:182,2
DA:183,0
DA:188,2
DA:194,0
DA:195,0
DA:201,0
DA:203,0
DA:204,0
DA:205,0
DA:206,0
DA:207,0
DA:208,0
DA:210,0
DA:216,1
DA:217,1
DA:218,1
DA:219,1
DA:220,2
DA:222,1
DA:223,1
DA:224,1
DA:225,0
DA:226,0
DA:229,1
DA:230,517
DA:231,517
DA:232,517
DA:233,517
DA:234,517
DA:235,517
DA:236,517
DA:238,1
DA:243,1
LF:101
LH:66
BRDA:32,1,0,0
BRDA:32,1,1,5
BRDA:47,2,0,0
BRDA:47,2,1,0
BRDA:64,3,0,0
BRDA:64,3,1,1
BRDA:82,4,0,0
BRDA:82,4,1,1
BRDA:109,5,0,0
BRDA:109,5,1,0
BRDA:126,6,0,0
BRDA:126,6,1,0
BRDA:144,7,0,0
BRDA:144,7,1,4
BRDA:156,8,0,0
BRDA:156,8,1,2
BRDA:173,9,0,0
BRDA:173,9,1,2
BRDA:178,10,0,2
BRDA:178,10,1,0
BRDA:178,11,0,2
BRDA:178,11,1,2
BRDA:182,12,0,0
BRDA:182,12,1,2
BRDA:182,13,0,2
BRDA:182,13,1,2
BRDA:201,14,0,0
BRDA:201,14,1,0
BRDA:224,15,0,0
BRDA:224,15,1,1
BRF:30
BRH:13
end_of_record
TN:
SF:/Users/Ling/Documents/graduate_study/Foundations of Software Engineering/iteration3_test/s17-ESN-SV7/models/PublicChatDBoper.js
FN:14,(anonymous_1)
FN:16,(anonymous_2)
FN:29,(anonymous_3)
FN:30,(anonymous_4)
FN:36,(anonymous_5)
FN:43,(anonymous_6)
FNF:6
FNH:6
FNDA:1,(anonymous_1)
FNDA:1,(anonymous_2)
FNDA:1,(anonymous_3)
FNDA:1,(anonymous_4)
FNDA:1,(anonymous_5)
FNDA:102,(anonymous_6)
DA:6,1
DA:10,1
DA:16,1
DA:17,1
DA:18,0
DA:19,0
DA:21,1
DA:23,1
DA:24,1
DA:25,1
DA:30,1
DA:31,1
DA:32,0
DA:33,0
DA:35,1
DA:36,1
DA:37,1
DA:39,0
DA:40,0
DA:42,1
DA:43,1
DA:44,102
DA:45,102
DA:46,102
DA:47,102
DA:48,102
DA:49,102
DA:52,1
DA:54,1
DA:60,1
DA:62,1
LF:31
LH:25
BRDA:17,1,0,0
BRDA:17,1,1,1
BRDA:31,2,0,0
BRDA:31,2,1,1
BRDA:37,3,0,0
BRDA:37,3,1,1
BRF:6
BRH:3
end_of_record
TN:
SF:/Users/Ling/Documents/graduate_study/Foundations of Software Engineering/iteration3_test/s17-ESN-SV7/models/ShareStatusDBoper.js
FN:15,(anonymous_1)
FN:17,(anonymous_2)
FN:32,(anonymous_3)
FN:33,(anonymous_4)
FN:46,(anonymous_5)
FN:55,(anonymous_6)
FNF:6
FNH:6
FNDA:1,(anonymous_1)
FNDA:1,(anonymous_2)
FNDA:1,(anonymous_3)
FNDA:1,(anonymous_4)
FNDA:1,(anonymous_5)
FNDA:1,(anonymous_6)
DA:5,1
DA:10,1
DA:17,1
DA:18,1
DA:19,1
DA:20,0
DA:21,0
DA:24,1
DA:25,1
DA:27,1
DA:33,1
DA:35,1
DA:36,0
DA:37,0
DA:41,1
DA:44,1
DA:46,1
DA:47,1
DA:48,0
DA:51,1
DA:52,0
DA:55,1
DA:56,1
DA:59,1
DA:63,1
DA:68,1
DA:70,1
LF:27
LH:21
BRDA:19,1,0,0
BRDA:19,1,1,1
BRDA:35,2,0,0
BRDA:35,2,1,1
BRDA:47,3,0,0
BRDA:47,3,1,1
BRDA:51,4,0,0
BRDA:51,4,1,1
BRF:8
BRH:4
end_of_record
